  [1m[35m (2.3ms)[0m  [1m[35mCREATE TABLE "schema_migrations" ("version" varchar NOT NULL PRIMARY KEY)[0m
  [1m[35m (2.0ms)[0m  [1m[35mCREATE TABLE "ar_internal_metadata" ("key" varchar NOT NULL PRIMARY KEY, "value" varchar, "created_at" datetime NOT NULL, "updated_at" datetime NOT NULL)[0m
  [1m[36mActiveRecord::SchemaMigration Load (0.2ms)[0m  [1m[34mSELECT "schema_migrations".* FROM "schema_migrations"[0m
Migrating to CreateProducts (20190901113144)
  [1m[35m (0.1ms)[0m  [1m[36mbegin transaction[0m
  [1m[35m (0.5ms)[0m  [1m[35mCREATE TABLE "products" ("id" INTEGER PRIMARY KEY AUTOINCREMENT NOT NULL, "title" varchar, "description" text, "image_url" varchar, "price" decimal(8,2), "created_at" datetime NOT NULL, "updated_at" datetime NOT NULL)[0m
  [1m[35mSQL (0.1ms)[0m  [1m[32mINSERT INTO "schema_migrations" ("version") VALUES (?)[0m  [["version", "20190901113144"]]
  [1m[35m (1.6ms)[0m  [1m[36mcommit transaction[0m
  [1m[36mActiveRecord::InternalMetadata Load (0.2ms)[0m  [1m[34mSELECT  "ar_internal_metadata".* FROM "ar_internal_metadata" WHERE "ar_internal_metadata"."key" = ? LIMIT ?[0m  [["key", "environment"], ["LIMIT", 1]]
  [1m[35m (0.1ms)[0m  [1m[36mbegin transaction[0m
  [1m[35mSQL (0.4ms)[0m  [1m[32mINSERT INTO "ar_internal_metadata" ("key", "value", "created_at", "updated_at") VALUES (?, ?, ?, ?)[0m  [["key", "environment"], ["value", "development"], ["created_at", "2019-09-01 13:18:17.477602"], ["updated_at", "2019-09-01 13:18:17.477602"]]
  [1m[35m (1.6ms)[0m  [1m[36mcommit transaction[0m
  [1m[36mActiveRecord::SchemaMigration Load (0.1ms)[0m  [1m[34mSELECT "schema_migrations".* FROM "schema_migrations"[0m
Started GET "/" for ::1 at 2019-09-01 18:59:38 +0530
  [1m[36mActiveRecord::SchemaMigration Load (0.3ms)[0m  [1m[34mSELECT "schema_migrations".* FROM "schema_migrations"[0m
Processing by Rails::WelcomeController#index as HTML
  Parameters: {"internal"=>true}
  Rendering /Users/nayna/.rvm/gems/ruby-2.4.0/gems/railties-5.0.7.2/lib/rails/templates/rails/welcome/index.html.erb
  Rendered /Users/nayna/.rvm/gems/ruby-2.4.0/gems/railties-5.0.7.2/lib/rails/templates/rails/welcome/index.html.erb (7.1ms)
Completed 200 OK in 38ms (Views: 16.9ms | ActiveRecord: 0.0ms)


Started GET "/projects" for ::1 at 2019-09-01 19:02:00 +0530
  
ActionController::RoutingError (No route matches [GET] "/projects"):
  
actionpack (5.0.7.2) lib/action_dispatch/middleware/debug_exceptions.rb:53:in `call'
web-console (3.7.0) lib/web_console/middleware.rb:135:in `call_app'
web-console (3.7.0) lib/web_console/middleware.rb:30:in `block in call'
web-console (3.7.0) lib/web_console/middleware.rb:20:in `catch'
web-console (3.7.0) lib/web_console/middleware.rb:20:in `call'
actionpack (5.0.7.2) lib/action_dispatch/middleware/show_exceptions.rb:31:in `call'
railties (5.0.7.2) lib/rails/rack/logger.rb:36:in `call_app'
railties (5.0.7.2) lib/rails/rack/logger.rb:24:in `block in call'
activesupport (5.0.7.2) lib/active_support/tagged_logging.rb:69:in `block in tagged'
activesupport (5.0.7.2) lib/active_support/tagged_logging.rb:26:in `tagged'
activesupport (5.0.7.2) lib/active_support/tagged_logging.rb:69:in `tagged'
railties (5.0.7.2) lib/rails/rack/logger.rb:24:in `call'
sprockets-rails (3.2.1) lib/sprockets/rails/quiet_assets.rb:13:in `call'
actionpack (5.0.7.2) lib/action_dispatch/middleware/request_id.rb:24:in `call'
rack (2.0.7) lib/rack/method_override.rb:22:in `call'
rack (2.0.7) lib/rack/runtime.rb:22:in `call'
activesupport (5.0.7.2) lib/active_support/cache/strategy/local_cache_middleware.rb:28:in `call'
actionpack (5.0.7.2) lib/action_dispatch/middleware/executor.rb:12:in `call'
actionpack (5.0.7.2) lib/action_dispatch/middleware/static.rb:136:in `call'
rack (2.0.7) lib/rack/sendfile.rb:111:in `call'
railties (5.0.7.2) lib/rails/engine.rb:522:in `call'
puma (3.12.1) lib/puma/configuration.rb:227:in `call'
puma (3.12.1) lib/puma/server.rb:660:in `handle_request'
puma (3.12.1) lib/puma/server.rb:474:in `process_client'
puma (3.12.1) lib/puma/server.rb:334:in `block in run'
puma (3.12.1) lib/puma/thread_pool.rb:135:in `block in spawn_thread'
  Rendering /Users/nayna/.rvm/gems/ruby-2.4.0/gems/actionpack-5.0.7.2/lib/action_dispatch/middleware/templates/rescues/routing_error.html.erb within rescues/layout
  Rendering /Users/nayna/.rvm/gems/ruby-2.4.0/gems/actionpack-5.0.7.2/lib/action_dispatch/middleware/templates/rescues/_trace.html.erb
  Rendered /Users/nayna/.rvm/gems/ruby-2.4.0/gems/actionpack-5.0.7.2/lib/action_dispatch/middleware/templates/rescues/_trace.html.erb (1.5ms)
  Rendered collection of /Users/nayna/.rvm/gems/ruby-2.4.0/gems/actionpack-5.0.7.2/lib/action_dispatch/middleware/templates/routes/_route.html.erb [8 times] (9.4ms)
  Rendered /Users/nayna/.rvm/gems/ruby-2.4.0/gems/actionpack-5.0.7.2/lib/action_dispatch/middleware/templates/routes/_table.html.erb (16.4ms)
  Rendering /Users/nayna/.rvm/gems/ruby-2.4.0/gems/actionpack-5.0.7.2/lib/action_dispatch/middleware/templates/rescues/_request_and_response.html.erb
  Rendered /Users/nayna/.rvm/gems/ruby-2.4.0/gems/actionpack-5.0.7.2/lib/action_dispatch/middleware/templates/rescues/_request_and_response.html.erb (1.1ms)
  Rendered /Users/nayna/.rvm/gems/ruby-2.4.0/gems/actionpack-5.0.7.2/lib/action_dispatch/middleware/templates/rescues/routing_error.html.erb within rescues/layout (139.9ms)
Started GET "/products" for ::1 at 2019-09-01 19:02:09 +0530
Processing by ProductsController#index as HTML
  Rendering products/index.html.erb within layouts/application
  [1m[36mProduct Load (0.3ms)[0m  [1m[34mSELECT "products".* FROM "products"[0m
  Rendered products/index.html.erb within layouts/application (3.0ms)
Completed 200 OK in 1024ms (Views: 1019.5ms | ActiveRecord: 0.6ms)


Started GET "/products/new" for ::1 at 2019-09-01 19:05:07 +0530
Processing by ProductsController#new as HTML
  Rendering products/new.html.erb within layouts/application
  Rendered products/_form.html.erb (30.4ms)
  Rendered products/new.html.erb within layouts/application (34.1ms)
Completed 200 OK in 81ms (Views: 67.6ms | ActiveRecord: 2.1ms)


Started POST "/products" for ::1 at 2019-09-01 19:08:29 +0530
Processing by ProductsController#create as HTML
  Parameters: {"utf8"=>"✓", "authenticity_token"=>"OHFye3Drvl1l9PfXACghGLF9us59PvIahOIloNzT+ErqsFsM+FFl7ASzs21KqwJ0dtVz55F1Gwupzlv4QVdUaA==", "product"=>{"title"=>"", "description"=>"", "image_url"=>"", "price"=>""}, "commit"=>"Create Product"}
  [1m[35m (0.1ms)[0m  [1m[36mbegin transaction[0m
  [1m[35mSQL (0.5ms)[0m  [1m[32mINSERT INTO "products" ("title", "description", "image_url", "created_at", "updated_at") VALUES (?, ?, ?, ?, ?)[0m  [["title", ""], ["description", ""], ["image_url", ""], ["created_at", "2019-09-01 13:38:29.130545"], ["updated_at", "2019-09-01 13:38:29.130545"]]
  [1m[35m (1.7ms)[0m  [1m[36mcommit transaction[0m
Redirected to http://localhost:30001/products/1
Completed 302 Found in 8ms (ActiveRecord: 2.3ms)


Started GET "/products/1" for ::1 at 2019-09-01 19:08:29 +0530
Processing by ProductsController#show as HTML
  Parameters: {"id"=>"1"}
  [1m[36mProduct Load (0.2ms)[0m  [1m[34mSELECT  "products".* FROM "products" WHERE "products"."id" = ? LIMIT ?[0m  [["id", 1], ["LIMIT", 1]]
  Rendering products/show.html.erb within layouts/application
  Rendered products/show.html.erb within layouts/application (1.0ms)
Completed 200 OK in 29ms (Views: 22.6ms | ActiveRecord: 0.2ms)


Started GET "/products" for ::1 at 2019-09-01 19:08:34 +0530
Processing by ProductsController#index as HTML
  Rendering products/index.html.erb within layouts/application
  [1m[36mProduct Load (0.3ms)[0m  [1m[34mSELECT "products".* FROM "products"[0m
  Rendered products/index.html.erb within layouts/application (2.8ms)
Completed 200 OK in 28ms (Views: 23.5ms | ActiveRecord: 0.3ms)


Started DELETE "/products/1" for ::1 at 2019-09-01 19:08:42 +0530
Processing by ProductsController#destroy as HTML
  Parameters: {"authenticity_token"=>"kKRQM/HExU4vLU1kdpWzoKso5+OByjIFRymjAZAB2isF0CwQW/zDGBfqmPMExp/fBGzYJ32aYfyG8MV0mIBrvw==", "id"=>"1"}
  [1m[36mProduct Load (0.3ms)[0m  [1m[34mSELECT  "products".* FROM "products" WHERE "products"."id" = ? LIMIT ?[0m  [["id", 1], ["LIMIT", 1]]
  [1m[35m (0.1ms)[0m  [1m[36mbegin transaction[0m
  [1m[35mSQL (0.5ms)[0m  [1m[31mDELETE FROM "products" WHERE "products"."id" = ?[0m  [["id", 1]]
  [1m[35m (1.7ms)[0m  [1m[36mcommit transaction[0m
Redirected to http://localhost:30001/products
Completed 302 Found in 6ms (ActiveRecord: 2.6ms)


Started GET "/products" for ::1 at 2019-09-01 19:08:42 +0530
Processing by ProductsController#index as HTML
  Rendering products/index.html.erb within layouts/application
  [1m[36mProduct Load (0.3ms)[0m  [1m[34mSELECT "products".* FROM "products"[0m
  Rendered products/index.html.erb within layouts/application (2.0ms)
Completed 200 OK in 24ms (Views: 21.2ms | ActiveRecord: 0.3ms)


Started GET "/products/new" for ::1 at 2019-09-01 19:10:35 +0530
Processing by ProductsController#new as HTML
  Rendering products/new.html.erb within layouts/application
  Rendered products/_form.html.erb (2.8ms)
  Rendered products/new.html.erb within layouts/application (5.7ms)
Completed 200 OK in 38ms (Views: 34.9ms | ActiveRecord: 0.0ms)


Started POST "/products" for ::1 at 2019-09-01 19:10:37 +0530
Processing by ProductsController#create as HTML
  Parameters: {"utf8"=>"✓", "authenticity_token"=>"LP+E9UrrWUk/3T2viMZnJbJixrL/9OR/0pj2NFT0hlH+Pq2CwlGC+F6aeRXCRURJdcoPmxO/DW7/tIhsyXAqcw==", "product"=>{"title"=>"", "description"=>"", "image_url"=>"", "price"=>""}, "commit"=>"Create Product"}
  [1m[35m (0.1ms)[0m  [1m[36mbegin transaction[0m
  [1m[35mSQL (0.4ms)[0m  [1m[32mINSERT INTO "products" ("title", "description", "image_url", "created_at", "updated_at") VALUES (?, ?, ?, ?, ?)[0m  [["title", ""], ["description", ""], ["image_url", ""], ["created_at", "2019-09-01 13:40:37.801877"], ["updated_at", "2019-09-01 13:40:37.801877"]]
  [1m[35m (1.9ms)[0m  [1m[36mcommit transaction[0m
Redirected to http://localhost:30001/products/2
Completed 302 Found in 6ms (ActiveRecord: 2.4ms)


Started GET "/products/2" for ::1 at 2019-09-01 19:10:37 +0530
Processing by ProductsController#show as HTML
  Parameters: {"id"=>"2"}
  [1m[36mProduct Load (0.4ms)[0m  [1m[34mSELECT  "products".* FROM "products" WHERE "products"."id" = ? LIMIT ?[0m  [["id", 2], ["LIMIT", 1]]
  Rendering products/show.html.erb within layouts/application
  Rendered products/show.html.erb within layouts/application (1.0ms)
Completed 200 OK in 25ms (Views: 20.8ms | ActiveRecord: 0.4ms)


Started GET "/products" for ::1 at 2019-09-01 19:10:40 +0530
Processing by ProductsController#index as HTML
  Rendering products/index.html.erb within layouts/application
  [1m[36mProduct Load (0.1ms)[0m  [1m[34mSELECT "products".* FROM "products"[0m
  Rendered products/index.html.erb within layouts/application (1.8ms)
Completed 200 OK in 36ms (Views: 31.5ms | ActiveRecord: 0.1ms)


Started GET "/products/2" for ::1 at 2019-09-01 19:10:42 +0530
Processing by ProductsController#show as HTML
  Parameters: {"id"=>"2"}
  [1m[36mProduct Load (0.4ms)[0m  [1m[34mSELECT  "products".* FROM "products" WHERE "products"."id" = ? LIMIT ?[0m  [["id", 2], ["LIMIT", 1]]
  Rendering products/show.html.erb within layouts/application
  Rendered products/show.html.erb within layouts/application (1.7ms)
Completed 200 OK in 35ms (Views: 30.0ms | ActiveRecord: 0.4ms)


Started GET "/products" for ::1 at 2019-09-01 19:10:45 +0530
Processing by ProductsController#index as HTML
  Rendering products/index.html.erb within layouts/application
  [1m[36mProduct Load (0.2ms)[0m  [1m[34mSELECT "products".* FROM "products"[0m
  Rendered products/index.html.erb within layouts/application (2.4ms)
Completed 200 OK in 29ms (Views: 25.5ms | ActiveRecord: 0.2ms)


Started GET "/products/2/edit" for ::1 at 2019-09-01 19:10:47 +0530
Processing by ProductsController#edit as HTML
  Parameters: {"id"=>"2"}
  [1m[36mProduct Load (1.1ms)[0m  [1m[34mSELECT  "products".* FROM "products" WHERE "products"."id" = ? LIMIT ?[0m  [["id", 2], ["LIMIT", 1]]
  Rendering products/edit.html.erb within layouts/application
  Rendered products/_form.html.erb (3.0ms)
  Rendered products/edit.html.erb within layouts/application (8.8ms)
Completed 200 OK in 50ms (Views: 41.6ms | ActiveRecord: 1.1ms)


Started GET "/products/2/edit" for 127.0.0.1 at 2019-09-01 19:22:34 +0530
  [1m[36mActiveRecord::SchemaMigration Load (0.2ms)[0m  [1m[34mSELECT "schema_migrations".* FROM "schema_migrations"[0m
Processing by ProductsController#edit as HTML
  Parameters: {"id"=>"2"}
  [1m[36mProduct Load (0.2ms)[0m  [1m[34mSELECT  "products".* FROM "products" WHERE "products"."id" = ? LIMIT ?[0m  [["id", 2], ["LIMIT", 1]]
  Rendering products/edit.html.erb within layouts/application
  Rendered products/_form.html.erb (18.0ms)
  Rendered products/edit.html.erb within layouts/application (21.4ms)
Completed 200 OK in 295ms (Views: 265.0ms | ActiveRecord: 0.9ms)


Started GET "/products/2/edit" for 127.0.0.1 at 2019-09-01 19:22:41 +0530
Processing by ProductsController#edit as HTML
  Parameters: {"id"=>"2"}
  [1m[36mProduct Load (0.4ms)[0m  [1m[34mSELECT  "products".* FROM "products" WHERE "products"."id" = ? LIMIT ?[0m  [["id", 2], ["LIMIT", 1]]
  Rendering products/edit.html.erb within layouts/application
  Rendered products/_form.html.erb (2.6ms)
  Rendered products/edit.html.erb within layouts/application (5.2ms)
Completed 200 OK in 31ms (Views: 26.6ms | ActiveRecord: 0.4ms)


Started PATCH "/products/2" for 127.0.0.1 at 2019-09-01 19:24:16 +0530
Processing by ProductsController#update as HTML
  Parameters: {"utf8"=>"✓", "authenticity_token"=>"OqPRJY/1cFp6UcA+Q3SkUISECWPdDzOOdFhiD5bxJW2v160GJc12DEKWFakxJ4gvK8A2pyFfYHe1gQR6nnCU+Q==", "product"=>{"title"=>"Seven Mobile Apps", "description"=>"sdnfsdkfjsdjfjsdjfausfhjsbfegwbfhwewef0dsknjshdfueyfbwefhewufidsuhdsjsduyfwbebwjfjehwhuweffosi0iasjdkjsaheuyy8u9", "image_url"=>"/images/7apps.jpg", "price"=>"28.00"}, "commit"=>"Update Product", "id"=>"2"}
  [1m[36mProduct Load (0.3ms)[0m  [1m[34mSELECT  "products".* FROM "products" WHERE "products"."id" = ? LIMIT ?[0m  [["id", 2], ["LIMIT", 1]]
  [1m[35m (0.0ms)[0m  [1m[36mbegin transaction[0m
  [1m[35mSQL (0.5ms)[0m  [1m[33mUPDATE "products" SET "title" = ?, "description" = ?, "image_url" = ?, "price" = ?, "updated_at" = ? WHERE "products"."id" = ?[0m  [["title", "Seven Mobile Apps"], ["description", "sdnfsdkfjsdjfjsdjfausfhjsbfegwbfhwewef0dsknjshdfueyfbwefhewufidsuhdsjsduyfwbebwjfjehwhuweffosi0iasjdkjsaheuyy8u9"], ["image_url", "/images/7apps.jpg"], ["price", 28.0], ["updated_at", "2019-09-01 13:54:16.726855"], ["id", 2]]
  [1m[35m (1.5ms)[0m  [1m[36mcommit transaction[0m
Redirected to http://localhost:30001/products/2
Completed 302 Found in 7ms (ActiveRecord: 2.3ms)


Started GET "/products/2" for 127.0.0.1 at 2019-09-01 19:24:16 +0530
Processing by ProductsController#show as HTML
  Parameters: {"id"=>"2"}
  [1m[36mProduct Load (0.3ms)[0m  [1m[34mSELECT  "products".* FROM "products" WHERE "products"."id" = ? LIMIT ?[0m  [["id", 2], ["LIMIT", 1]]
  Rendering products/show.html.erb within layouts/application
  Rendered products/show.html.erb within layouts/application (1.1ms)
Completed 200 OK in 22ms (Views: 19.7ms | ActiveRecord: 0.3ms)


Started GET "/products/2" for 127.0.0.1 at 2019-09-01 19:24:21 +0530
Processing by ProductsController#show as HTML
  Parameters: {"id"=>"2"}
  [1m[36mProduct Load (0.5ms)[0m  [1m[34mSELECT  "products".* FROM "products" WHERE "products"."id" = ? LIMIT ?[0m  [["id", 2], ["LIMIT", 1]]
  Rendering products/show.html.erb within layouts/application
  Rendered products/show.html.erb within layouts/application (1.5ms)
Completed 200 OK in 31ms (Views: 26.3ms | ActiveRecord: 0.5ms)


Started GET "/products" for 127.0.0.1 at 2019-09-01 19:24:24 +0530
Processing by ProductsController#index as HTML
  Rendering products/index.html.erb within layouts/application
  [1m[36mProduct Load (0.2ms)[0m  [1m[34mSELECT "products".* FROM "products"[0m
  Rendered products/index.html.erb within layouts/application (2.7ms)
Completed 200 OK in 24ms (Views: 20.5ms | ActiveRecord: 0.2ms)


  [1m[36mActiveRecord::SchemaMigration Load (0.2ms)[0m  [1m[34mSELECT "schema_migrations".* FROM "schema_migrations"[0m
  [1m[35mSQL (1.7ms)[0m  [1m[31mDELETE FROM "products"[0m
  [1m[35m (0.1ms)[0m  [1m[36mbegin transaction[0m
  [1m[35mSQL (0.4ms)[0m  [1m[32mINSERT INTO "products" ("title", "description", "image_url", "price", "created_at", "updated_at") VALUES (?, ?, ?, ?, ?, ?)[0m  [["title", "Rails, Angular, Postgres, and Bootstrap"], ["description", "<p>\n      <em>Powerful, Effective, and Efficient Full-Stack Web Development</em>\n      As a Rails developer, you care about user experience and performance,\n      but you also want simple and maintainable code. Achieve all that by\n      embracing the full stack of web development, from styling with\n      Bootstrap, building an interactive user interface with AngularJS, to\n      storing data quickly and reliably in PostgreSQL. Take a holistic view of\n      full-stack development to create usable, high-performing applications,\n      and learn to use these technologies effectively in a Ruby on Rails\n      environment.\n      </p>"], ["image_url", "dcbang.jpg"], ["price", 45.0], ["created_at", "2019-09-01 14:41:45.887507"], ["updated_at", "2019-09-01 14:41:45.887507"]]
  [1m[35m (1.5ms)[0m  [1m[36mcommit transaction[0m
  [1m[35m (0.1ms)[0m  [1m[36mbegin transaction[0m
  [1m[35mSQL (0.3ms)[0m  [1m[32mINSERT INTO "products" ("title", "description", "image_url", "price", "created_at", "updated_at") VALUES (?, ?, ?, ?, ?, ?)[0m  [["title", "Seven Mobile Apps in Seven Weeks"], ["description", "<p>\n      <em>Native Apps, Multiple Platforms</em>\n      Answer the question “Can we build this for ALL the devices?” with a\n      resounding YES. This book will help you get there with a real-world\n      introduction to seven platforms, whether you’re new to mobile or an\n      experienced developer needing to expand your options. Plus, you’ll find\n      out which cross-platform solution makes the most sense for your needs.\n      </p>"], ["image_url", "7apps.jpg"], ["price", 26.0], ["created_at", "2019-09-01 14:41:45.891411"], ["updated_at", "2019-09-01 14:41:45.891411"]]
  [1m[35m (1.3ms)[0m  [1m[36mcommit transaction[0m
  [1m[35m (0.1ms)[0m  [1m[36mbegin transaction[0m
  [1m[35mSQL (0.3ms)[0m  [1m[32mINSERT INTO "products" ("title", "description", "image_url", "price", "created_at", "updated_at") VALUES (?, ?, ?, ?, ?, ?)[0m  [["title", "Ruby Performance Optimization"], ["description", "<p>\n      <em>Why Ruby Is Slow, and How to Fix It</em>\n      You don’t have to accept slow Ruby or Rails performance. In this\n      comprehensive guide to Ruby optimization, you’ll learn how to write\n      faster Ruby code—but that’s just the beginning. See exactly what makes\n      Ruby and Rails code slow, and how to fix it. Alex Dymo will guide you\n      through perils of memory and CPU optimization, profiling, measuring,\n      performance testing, garbage collection, and tuning. You’ll find that\n      all those “hard” things aren’t so difficult after all, and your code\n      will run orders of magnitude faster.\n      </p>"], ["image_url", "adrpo.jpg"], ["price", 46.0], ["created_at", "2019-09-01 14:41:45.894439"], ["updated_at", "2019-09-01 14:41:45.894439"]]
  [1m[35m (1.5ms)[0m  [1m[36mcommit transaction[0m
  [1m[36mProduct Load (0.2ms)[0m  [1m[34mSELECT  "products".* FROM "products" ORDER BY "products"."id" DESC LIMIT ?[0m  [["LIMIT", 1]]
Started GET "/products" for ::1 at 2019-09-01 20:13:08 +0530
  [1m[36mActiveRecord::SchemaMigration Load (0.2ms)[0m  [1m[34mSELECT "schema_migrations".* FROM "schema_migrations"[0m
Processing by ProductsController#index as HTML
  Rendering products/index.html.erb within layouts/application
  [1m[36mProduct Load (0.2ms)[0m  [1m[34mSELECT "products".* FROM "products"[0m
  Rendered products/index.html.erb within layouts/application (18.3ms)
Completed 200 OK in 501ms (Views: 479.7ms | ActiveRecord: 0.7ms)


Started GET "/products" for ::1 at 2019-09-01 22:54:05 +0530
Processing by ProductsController#index as HTML
  Rendering products/index.html.erb within layouts/application
  [1m[36mProduct Load (0.2ms)[0m  [1m[34mSELECT "products".* FROM "products"[0m
  Rendered products/index.html.erb within layouts/application (3.3ms)
Completed 200 OK in 73ms (Views: 67.1ms | ActiveRecord: 0.2ms)


Started GET "/products" for ::1 at 2019-09-01 22:54:07 +0530
Processing by ProductsController#index as HTML
  Rendering products/index.html.erb within layouts/application
  [1m[36mProduct Load (0.3ms)[0m  [1m[34mSELECT "products".* FROM "products"[0m
  Rendered products/index.html.erb within layouts/application (3.0ms)
Completed 200 OK in 29ms (Views: 26.0ms | ActiveRecord: 0.3ms)


Started GET "/products" for ::1 at 2019-09-01 22:54:08 +0530
Processing by ProductsController#index as HTML
  Rendering products/index.html.erb within layouts/application
  [1m[36mProduct Load (0.4ms)[0m  [1m[34mSELECT "products".* FROM "products"[0m
  Rendered products/index.html.erb within layouts/application (2.6ms)
Completed 200 OK in 27ms (Views: 23.2ms | ActiveRecord: 0.4ms)


Started GET "/products" for ::1 at 2019-09-01 23:03:39 +0530
Processing by ProductsController#index as HTML
  Rendering products/index.html.erb within layouts/application
  [1m[36mProduct Load (0.3ms)[0m  [1m[34mSELECT "products".* FROM "products"[0m
  Rendered products/index.html.erb within layouts/application (2.1ms)
Completed 200 OK in 28ms (Views: 25.6ms | ActiveRecord: 0.3ms)


Started GET "/products" for ::1 at 2019-09-01 23:03:41 +0530
Processing by ProductsController#index as HTML
  Rendering products/index.html.erb within layouts/application
  [1m[36mProduct Load (0.7ms)[0m  [1m[34mSELECT "products".* FROM "products"[0m
  Rendered products/index.html.erb within layouts/application (3.2ms)
Completed 200 OK in 33ms (Views: 28.7ms | ActiveRecord: 0.7ms)


Started GET "/products" for ::1 at 2019-09-01 23:17:43 +0530
Processing by ProductsController#index as HTML
  Rendering products/index.html.erb within layouts/application
  [1m[36mProduct Load (0.2ms)[0m  [1m[34mSELECT "products".* FROM "products"[0m
  Rendered products/index.html.erb within layouts/application (20.1ms)
Completed 200 OK in 47ms (Views: 43.3ms | ActiveRecord: 0.2ms)


Started GET "/products" for ::1 at 2019-09-01 23:17:59 +0530
Processing by ProductsController#index as HTML
  Rendering products/index.html.erb within layouts/application
  [1m[36mProduct Load (0.1ms)[0m  [1m[34mSELECT "products".* FROM "products"[0m
  Rendered products/index.html.erb within layouts/application (6.8ms)
Completed 200 OK in 31ms (Views: 28.8ms | ActiveRecord: 0.1ms)


Started GET "/products" for ::1 at 2019-09-01 23:19:39 +0530
Processing by ProductsController#index as HTML
  Rendering products/index.html.erb within layouts/application
  [1m[36mProduct Load (0.2ms)[0m  [1m[34mSELECT "products".* FROM "products"[0m
  Rendered products/index.html.erb within layouts/application (6.3ms)
Completed 200 OK in 32ms (Views: 29.7ms | ActiveRecord: 0.2ms)


Started GET "/products" for ::1 at 2019-09-01 23:29:15 +0530
Processing by ProductsController#index as HTML
  Rendering products/index.html.erb within layouts/application
  [1m[36mProduct Load (0.1ms)[0m  [1m[34mSELECT "products".* FROM "products"[0m
  Rendered products/index.html.erb within layouts/application (6.9ms)
Completed 500 Internal Server Error in 16ms (ActiveRecord: 0.1ms)


  
SyntaxError (/Users/nayna/Krishna_Rails/AgileBookRails/Depot/app/views/layouts/application.html.erb:18: syntax error, unexpected keyword_ensure, expecting end-of-input
          ensure
                ^):
  
app/views/layouts/application.html.erb:18: syntax error, unexpected keyword_ensure, expecting end-of-input
  Rendering /Users/nayna/.rvm/gems/ruby-2.4.0/gems/actionpack-5.0.7.2/lib/action_dispatch/middleware/templates/rescues/diagnostics.html.erb within rescues/layout
  Rendering /Users/nayna/.rvm/gems/ruby-2.4.0/gems/actionpack-5.0.7.2/lib/action_dispatch/middleware/templates/rescues/_source.html.erb
  Rendered /Users/nayna/.rvm/gems/ruby-2.4.0/gems/actionpack-5.0.7.2/lib/action_dispatch/middleware/templates/rescues/_source.html.erb (6.7ms)
  Rendering /Users/nayna/.rvm/gems/ruby-2.4.0/gems/actionpack-5.0.7.2/lib/action_dispatch/middleware/templates/rescues/_trace.html.erb
  Rendered /Users/nayna/.rvm/gems/ruby-2.4.0/gems/actionpack-5.0.7.2/lib/action_dispatch/middleware/templates/rescues/_trace.html.erb (2.2ms)
  Rendering /Users/nayna/.rvm/gems/ruby-2.4.0/gems/actionpack-5.0.7.2/lib/action_dispatch/middleware/templates/rescues/_request_and_response.html.erb
  Rendered /Users/nayna/.rvm/gems/ruby-2.4.0/gems/actionpack-5.0.7.2/lib/action_dispatch/middleware/templates/rescues/_request_and_response.html.erb (1.1ms)
  Rendered /Users/nayna/.rvm/gems/ruby-2.4.0/gems/actionpack-5.0.7.2/lib/action_dispatch/middleware/templates/rescues/diagnostics.html.erb within rescues/layout (90.1ms)
Started GET "/products" for ::1 at 2019-09-01 23:29:47 +0530
Processing by ProductsController#index as HTML
  Rendering products/index.html.erb within layouts/application
  [1m[36mProduct Load (0.3ms)[0m  [1m[34mSELECT "products".* FROM "products"[0m
  Rendered products/index.html.erb within layouts/application (7.9ms)
Completed 500 Internal Server Error in 16ms (ActiveRecord: 0.3ms)


  
SyntaxError (/Users/nayna/Krishna_Rails/AgileBookRails/Depot/app/views/layouts/application.html.erb:18: syntax error, unexpected keyword_ensure, expecting end-of-input
          ensure
                ^):
  
app/views/layouts/application.html.erb:18: syntax error, unexpected keyword_ensure, expecting end-of-input
  Rendering /Users/nayna/.rvm/gems/ruby-2.4.0/gems/actionpack-5.0.7.2/lib/action_dispatch/middleware/templates/rescues/diagnostics.html.erb within rescues/layout
  Rendering /Users/nayna/.rvm/gems/ruby-2.4.0/gems/actionpack-5.0.7.2/lib/action_dispatch/middleware/templates/rescues/_source.html.erb
  Rendered /Users/nayna/.rvm/gems/ruby-2.4.0/gems/actionpack-5.0.7.2/lib/action_dispatch/middleware/templates/rescues/_source.html.erb (5.3ms)
  Rendering /Users/nayna/.rvm/gems/ruby-2.4.0/gems/actionpack-5.0.7.2/lib/action_dispatch/middleware/templates/rescues/_trace.html.erb
  Rendered /Users/nayna/.rvm/gems/ruby-2.4.0/gems/actionpack-5.0.7.2/lib/action_dispatch/middleware/templates/rescues/_trace.html.erb (2.9ms)
  Rendering /Users/nayna/.rvm/gems/ruby-2.4.0/gems/actionpack-5.0.7.2/lib/action_dispatch/middleware/templates/rescues/_request_and_response.html.erb
  Rendered /Users/nayna/.rvm/gems/ruby-2.4.0/gems/actionpack-5.0.7.2/lib/action_dispatch/middleware/templates/rescues/_request_and_response.html.erb (1.3ms)
  Rendered /Users/nayna/.rvm/gems/ruby-2.4.0/gems/actionpack-5.0.7.2/lib/action_dispatch/middleware/templates/rescues/diagnostics.html.erb within rescues/layout (82.4ms)
Started GET "/products" for ::1 at 2019-09-01 23:30:10 +0530
Processing by ProductsController#index as HTML
  Rendering products/index.html.erb within layouts/application
  [1m[36mProduct Load (0.2ms)[0m  [1m[34mSELECT "products".* FROM "products"[0m
  Rendered products/index.html.erb within layouts/application (9.7ms)
Completed 500 Internal Server Error in 19ms (ActiveRecord: 0.2ms)


  
SyntaxError (/Users/nayna/Krishna_Rails/AgileBookRails/Depot/app/views/layouts/application.html.erb:17: syntax error, unexpected keyword_ensure, expecting end-of-input
          ensure
                ^):
  
app/views/layouts/application.html.erb:17: syntax error, unexpected keyword_ensure, expecting end-of-input
  Rendering /Users/nayna/.rvm/gems/ruby-2.4.0/gems/actionpack-5.0.7.2/lib/action_dispatch/middleware/templates/rescues/diagnostics.html.erb within rescues/layout
  Rendering /Users/nayna/.rvm/gems/ruby-2.4.0/gems/actionpack-5.0.7.2/lib/action_dispatch/middleware/templates/rescues/_source.html.erb
  Rendered /Users/nayna/.rvm/gems/ruby-2.4.0/gems/actionpack-5.0.7.2/lib/action_dispatch/middleware/templates/rescues/_source.html.erb (5.6ms)
  Rendering /Users/nayna/.rvm/gems/ruby-2.4.0/gems/actionpack-5.0.7.2/lib/action_dispatch/middleware/templates/rescues/_trace.html.erb
  Rendered /Users/nayna/.rvm/gems/ruby-2.4.0/gems/actionpack-5.0.7.2/lib/action_dispatch/middleware/templates/rescues/_trace.html.erb (1.9ms)
  Rendering /Users/nayna/.rvm/gems/ruby-2.4.0/gems/actionpack-5.0.7.2/lib/action_dispatch/middleware/templates/rescues/_request_and_response.html.erb
  Rendered /Users/nayna/.rvm/gems/ruby-2.4.0/gems/actionpack-5.0.7.2/lib/action_dispatch/middleware/templates/rescues/_request_and_response.html.erb (1.1ms)
  Rendered /Users/nayna/.rvm/gems/ruby-2.4.0/gems/actionpack-5.0.7.2/lib/action_dispatch/middleware/templates/rescues/diagnostics.html.erb within rescues/layout (75.7ms)
Started GET "/products" for ::1 at 2019-09-01 23:30:20 +0530
Processing by ProductsController#index as HTML
  Rendering products/index.html.erb within layouts/application
  [1m[36mProduct Load (0.1ms)[0m  [1m[34mSELECT "products".* FROM "products"[0m
  Rendered products/index.html.erb within layouts/application (7.3ms)
Completed 200 OK in 46705ms (Views: 46702.9ms | ActiveRecord: 0.1ms)


Started GET "/products" for ::1 at 2019-09-01 23:36:47 +0530
Processing by ProductsController#index as HTML
  Rendering products/index.html.erb within layouts/application
  [1m[36mProduct Load (0.2ms)[0m  [1m[34mSELECT "products".* FROM "products"[0m
  Rendered products/index.html.erb within layouts/application (8.8ms)
Completed 200 OK in 33ms (Views: 30.8ms | ActiveRecord: 0.2ms)


Started GET "/products" for ::1 at 2019-09-01 23:37:03 +0530
Processing by ProductsController#index as HTML
  Rendering products/index.html.erb within layouts/application
  [1m[36mProduct Load (0.2ms)[0m  [1m[34mSELECT "products".* FROM "products"[0m
  Rendered products/index.html.erb within layouts/application (9.4ms)
Completed 200 OK in 28ms (Views: 25.3ms | ActiveRecord: 0.2ms)


Started GET "/products" for ::1 at 2019-09-01 23:39:17 +0530
Processing by ProductsController#index as HTML
  Rendering products/index.html.erb within layouts/application
  [1m[36mProduct Load (0.4ms)[0m  [1m[34mSELECT "products".* FROM "products"[0m
  Rendered products/index.html.erb within layouts/application (8.9ms)
Completed 200 OK in 65ms (Views: 62.2ms | ActiveRecord: 0.4ms)


Started GET "/products" for ::1 at 2019-09-01 23:39:25 +0530
Processing by ProductsController#index as HTML
  Rendering products/index.html.erb within layouts/application
  [1m[36mProduct Load (0.1ms)[0m  [1m[34mSELECT "products".* FROM "products"[0m
  Rendered products/index.html.erb within layouts/application (9.8ms)
Completed 200 OK in 63ms (Views: 59.2ms | ActiveRecord: 0.1ms)


Started GET "/products" for ::1 at 2019-09-01 23:39:41 +0530
Processing by ProductsController#index as HTML
  Rendering products/index.html.erb within layouts/application
  [1m[36mProduct Load (0.4ms)[0m  [1m[34mSELECT "products".* FROM "products"[0m
  Rendered products/index.html.erb within layouts/application (6.7ms)
Completed 200 OK in 48ms (Views: 45.4ms | ActiveRecord: 0.4ms)


Started GET "/products" for ::1 at 2019-09-01 23:39:47 +0530
Processing by ProductsController#index as HTML
  Rendering products/index.html.erb within layouts/application
  [1m[36mProduct Load (0.1ms)[0m  [1m[34mSELECT "products".* FROM "products"[0m
  Rendered products/index.html.erb within layouts/application (5.7ms)
Completed 200 OK in 56ms (Views: 53.5ms | ActiveRecord: 0.1ms)


Started GET "/products" for ::1 at 2019-09-01 23:39:49 +0530
Processing by ProductsController#index as HTML
  Rendering products/index.html.erb within layouts/application
  [1m[36mProduct Load (0.2ms)[0m  [1m[34mSELECT "products".* FROM "products"[0m
  Rendered products/index.html.erb within layouts/application (8.8ms)
Completed 200 OK in 33ms (Views: 31.0ms | ActiveRecord: 0.2ms)


Started GET "/products" for ::1 at 2019-09-01 23:40:59 +0530
Processing by ProductsController#index as HTML
  Rendering products/index.html.erb within layouts/application
  [1m[36mProduct Load (0.2ms)[0m  [1m[34mSELECT "products".* FROM "products"[0m
  Rendered products/index.html.erb within layouts/application (16.0ms)
Completed 200 OK in 66ms (Views: 63.0ms | ActiveRecord: 0.2ms)


Started GET "/products" for ::1 at 2019-09-01 23:41:26 +0530
Processing by ProductsController#index as HTML
  Rendering products/index.html.erb within layouts/application
  [1m[36mProduct Load (0.2ms)[0m  [1m[34mSELECT "products".* FROM "products"[0m
  Rendered products/index.html.erb within layouts/application (6.6ms)
Completed 200 OK in 52ms (Views: 49.5ms | ActiveRecord: 0.2ms)


Started GET "/products" for ::1 at 2019-09-01 23:42:30 +0530
Processing by ProductsController#index as HTML
  Rendering products/index.html.erb within layouts/application
  [1m[36mProduct Load (0.2ms)[0m  [1m[34mSELECT "products".* FROM "products"[0m
  Rendered products/index.html.erb within layouts/application (6.7ms)
Completed 200 OK in 30ms (Views: 27.0ms | ActiveRecord: 0.2ms)


Started GET "/products" for ::1 at 2019-09-01 23:43:44 +0530
Processing by ProductsController#index as HTML
  Rendering products/index.html.erb within layouts/application
  [1m[36mProduct Load (0.4ms)[0m  [1m[34mSELECT "products".* FROM "products"[0m
  Rendered products/index.html.erb within layouts/application (8.5ms)
Completed 200 OK in 33ms (Views: 29.9ms | ActiveRecord: 0.4ms)


Started GET "/products" for ::1 at 2019-09-01 23:44:25 +0530
Processing by ProductsController#index as HTML
  Rendering products/index.html.erb within layouts/application
  [1m[36mProduct Load (0.2ms)[0m  [1m[34mSELECT "products".* FROM "products"[0m
  Rendered products/index.html.erb within layouts/application (10.4ms)
Completed 200 OK in 35ms (Views: 32.7ms | ActiveRecord: 0.2ms)


Started GET "/products/3" for ::1 at 2019-09-01 23:44:57 +0530
Processing by ProductsController#show as HTML
  Parameters: {"id"=>"3"}
  [1m[36mProduct Load (0.2ms)[0m  [1m[34mSELECT  "products".* FROM "products" WHERE "products"."id" = ? LIMIT ?[0m  [["id", 3], ["LIMIT", 1]]
  Rendering products/show.html.erb within layouts/application
  Rendered products/show.html.erb within layouts/application (1.9ms)
Completed 200 OK in 40ms (Views: 29.5ms | ActiveRecord: 0.2ms)


Started GET "/products" for ::1 at 2019-09-01 23:52:24 +0530
Processing by ProductsController#index as HTML
  Rendering products/index.html.erb within layouts/application
  [1m[36mProduct Load (0.5ms)[0m  [1m[34mSELECT "products".* FROM "products"[0m
  Rendered products/index.html.erb within layouts/application (8.3ms)
Completed 200 OK in 66ms (Views: 61.7ms | ActiveRecord: 0.5ms)


Started GET "/products" for ::1 at 2019-09-01 23:52:57 +0530
Processing by ProductsController#index as HTML
  Rendering products/index.html.erb within layouts/application
  [1m[36mProduct Load (0.2ms)[0m  [1m[34mSELECT "products".* FROM "products"[0m
  Rendered products/index.html.erb within layouts/application (8.6ms)
Completed 200 OK in 59ms (Views: 56.7ms | ActiveRecord: 0.2ms)


Started GET "/products" for ::1 at 2019-09-01 23:53:32 +0530
Processing by ProductsController#index as HTML
  Rendering products/index.html.erb within layouts/application
  [1m[36mProduct Load (0.2ms)[0m  [1m[34mSELECT "products".* FROM "products"[0m
  Rendered products/index.html.erb within layouts/application (6.4ms)
Completed 200 OK in 32ms (Views: 30.2ms | ActiveRecord: 0.2ms)


Started GET "/products" for ::1 at 2019-09-01 23:54:36 +0530
Processing by ProductsController#index as HTML
  Rendering products/index.html.erb within layouts/application
  [1m[36mProduct Load (0.2ms)[0m  [1m[34mSELECT "products".* FROM "products"[0m
  Rendered products/index.html.erb within layouts/application (8.1ms)
Completed 200 OK in 52ms (Views: 49.5ms | ActiveRecord: 0.2ms)


Started GET "/products" for ::1 at 2019-09-01 23:54:47 +0530
Processing by ProductsController#index as HTML
  Rendering products/index.html.erb within layouts/application
  [1m[36mProduct Load (0.2ms)[0m  [1m[34mSELECT "products".* FROM "products"[0m
  Rendered products/index.html.erb within layouts/application (8.7ms)
Completed 200 OK in 59ms (Views: 57.1ms | ActiveRecord: 0.2ms)


Started GET "/products" for ::1 at 2019-09-01 23:55:01 +0530
Processing by ProductsController#index as HTML
  Rendering products/index.html.erb within layouts/application
  [1m[36mProduct Load (0.2ms)[0m  [1m[34mSELECT "products".* FROM "products"[0m
  Rendered products/index.html.erb within layouts/application (6.2ms)
Completed 200 OK in 64ms (Views: 60.8ms | ActiveRecord: 0.2ms)


Started GET "/products" for ::1 at 2019-09-01 23:55:03 +0530
Processing by ProductsController#index as HTML
  Rendering products/index.html.erb within layouts/application
  [1m[36mProduct Load (0.3ms)[0m  [1m[34mSELECT "products".* FROM "products"[0m
  Rendered products/index.html.erb within layouts/application (10.3ms)
Completed 200 OK in 34ms (Views: 31.4ms | ActiveRecord: 0.3ms)


Started GET "/products/3" for ::1 at 2019-09-02 20:34:05 +0530
Processing by ProductsController#show as HTML
  Parameters: {"id"=>"3"}
  [1m[36mProduct Load (6.5ms)[0m  [1m[34mSELECT  "products".* FROM "products" WHERE "products"."id" = ? LIMIT ?[0m  [["id", 3], ["LIMIT", 1]]
  Rendering products/show.html.erb within layouts/application
  Rendered products/show.html.erb within layouts/application (15.2ms)
Completed 200 OK in 142ms (Views: 109.6ms | ActiveRecord: 6.5ms)


Started GET "/products" for ::1 at 2019-09-02 20:34:15 +0530
Processing by ProductsController#index as HTML
  Rendering products/index.html.erb within layouts/application
  [1m[36mProduct Load (0.3ms)[0m  [1m[34mSELECT "products".* FROM "products"[0m
  Rendered products/index.html.erb within layouts/application (28.6ms)
Completed 200 OK in 69ms (Views: 62.5ms | ActiveRecord: 0.3ms)


Started GET "/products" for ::1 at 2019-09-02 21:08:21 +0530
Processing by ProductsController#index as HTML
  Rendering products/index.html.erb within layouts/application
  [1m[36mProduct Load (0.2ms)[0m  [1m[34mSELECT "products".* FROM "products"[0m
  Rendered products/index.html.erb within layouts/application (8.5ms)
Completed 200 OK in 43ms (Views: 39.4ms | ActiveRecord: 0.2ms)


Started DELETE "/products/3" for ::1 at 2019-09-02 21:08:26 +0530
Processing by ProductsController#destroy as HTML
  Parameters: {"authenticity_token"=>"LYAwK9ytV0SlZk2VDUV4TOct6/iFNLgYwK7xPwPJ0oW49EwIdpVREp2hmAJ/FlQzSGnUPHlk6+EBd5dKC0hjEQ==", "id"=>"3"}
  [1m[36mProduct Load (0.3ms)[0m  [1m[34mSELECT  "products".* FROM "products" WHERE "products"."id" = ? LIMIT ?[0m  [["id", 3], ["LIMIT", 1]]
  [1m[35m (0.1ms)[0m  [1m[36mbegin transaction[0m
  [1m[35mSQL (0.6ms)[0m  [1m[31mDELETE FROM "products" WHERE "products"."id" = ?[0m  [["id", 3]]
  [1m[35m (1.9ms)[0m  [1m[36mcommit transaction[0m
Redirected to http://localhost:30001/products
Completed 302 Found in 9ms (ActiveRecord: 2.9ms)


Started GET "/products" for ::1 at 2019-09-02 21:08:26 +0530
Processing by ProductsController#index as HTML
  Rendering products/index.html.erb within layouts/application
  [1m[36mProduct Load (0.2ms)[0m  [1m[34mSELECT "products".* FROM "products"[0m
  Rendered products/index.html.erb within layouts/application (7.1ms)
Completed 200 OK in 32ms (Views: 27.7ms | ActiveRecord: 0.2ms)


Started GET "/products" for ::1 at 2019-09-02 21:20:28 +0530
Processing by ProductsController#index as HTML
  Rendering products/index.html.erb within layouts/application
  [1m[36mProduct Load (0.2ms)[0m  [1m[34mSELECT "products".* FROM "products"[0m
  Rendered products/index.html.erb within layouts/application (8.1ms)
Completed 200 OK in 39ms (Views: 36.4ms | ActiveRecord: 0.2ms)


Started GET "/products/4" for ::1 at 2019-09-02 21:20:32 +0530
Processing by ProductsController#show as HTML
  Parameters: {"id"=>"4"}
  [1m[36mProduct Load (0.2ms)[0m  [1m[34mSELECT  "products".* FROM "products" WHERE "products"."id" = ? LIMIT ?[0m  [["id", 4], ["LIMIT", 1]]
  Rendering products/show.html.erb within layouts/application
  Rendered products/show.html.erb within layouts/application (1.4ms)
Completed 200 OK in 30ms (Views: 25.3ms | ActiveRecord: 0.2ms)


Started GET "/products" for ::1 at 2019-09-02 21:20:39 +0530
Processing by ProductsController#index as HTML
  Rendering products/index.html.erb within layouts/application
  [1m[36mProduct Load (0.2ms)[0m  [1m[34mSELECT "products".* FROM "products"[0m
  Rendered products/index.html.erb within layouts/application (6.6ms)
Completed 200 OK in 47ms (Views: 33.8ms | ActiveRecord: 0.2ms)


Started GET "/products/5" for ::1 at 2019-09-02 21:20:42 +0530
Processing by ProductsController#show as HTML
  Parameters: {"id"=>"5"}
  [1m[36mProduct Load (0.4ms)[0m  [1m[34mSELECT  "products".* FROM "products" WHERE "products"."id" = ? LIMIT ?[0m  [["id", 5], ["LIMIT", 1]]
  Rendering products/show.html.erb within layouts/application
  Rendered products/show.html.erb within layouts/application (1.2ms)
Completed 200 OK in 41ms (Views: 37.4ms | ActiveRecord: 0.4ms)


Started GET "/products" for ::1 at 2019-09-02 21:20:45 +0530
Processing by ProductsController#index as HTML
  Rendering products/index.html.erb within layouts/application
  [1m[36mProduct Load (0.2ms)[0m  [1m[34mSELECT "products".* FROM "products"[0m
  Rendered products/index.html.erb within layouts/application (7.8ms)
Completed 200 OK in 46ms (Views: 40.2ms | ActiveRecord: 0.2ms)


  [1m[36mActiveRecord::SchemaMigration Load (0.3ms)[0m  [1m[34mSELECT "schema_migrations".* FROM "schema_migrations"[0m
  [1m[36mActiveRecord::SchemaMigration Load (0.1ms)[0m  [1m[34mSELECT "schema_migrations".* FROM "schema_migrations"[0m
Migrating to CreateProducts (20190901113144)
  [1m[35m (0.1ms)[0m  [1m[36mbegin transaction[0m
  [1m[35m (1.1ms)[0m  [1m[35mDROP TABLE "products"[0m
  [1m[35mSQL (0.3ms)[0m  [1m[31mDELETE FROM "schema_migrations" WHERE "schema_migrations"."version" = ?[0m  [["version", "20190901113144"]]
  [1m[35m (2.1ms)[0m  [1m[36mcommit transaction[0m
  [1m[36mActiveRecord::SchemaMigration Load (0.2ms)[0m  [1m[34mSELECT "schema_migrations".* FROM "schema_migrations"[0m
Started GET "/products" for ::1 at 2019-09-02 21:31:18 +0530
  [1m[36mActiveRecord::SchemaMigration Load (0.3ms)[0m  [1m[34mSELECT "schema_migrations".* FROM "schema_migrations"[0m
  
ActiveRecord::PendingMigrationError (

Migrations are pending. To resolve this issue, run:

        bin/rails db:migrate RAILS_ENV=development

):
  
activerecord (5.0.7.2) lib/active_record/migration.rb:573:in `check_pending!'
activerecord (5.0.7.2) lib/active_record/migration.rb:549:in `call'
actionpack (5.0.7.2) lib/action_dispatch/middleware/callbacks.rb:38:in `block in call'
activesupport (5.0.7.2) lib/active_support/callbacks.rb:97:in `__run_callbacks__'
activesupport (5.0.7.2) lib/active_support/callbacks.rb:750:in `_run_call_callbacks'
activesupport (5.0.7.2) lib/active_support/callbacks.rb:90:in `run_callbacks'
actionpack (5.0.7.2) lib/action_dispatch/middleware/callbacks.rb:36:in `call'
actionpack (5.0.7.2) lib/action_dispatch/middleware/executor.rb:12:in `call'
actionpack (5.0.7.2) lib/action_dispatch/middleware/remote_ip.rb:79:in `call'
actionpack (5.0.7.2) lib/action_dispatch/middleware/debug_exceptions.rb:49:in `call'
web-console (3.7.0) lib/web_console/middleware.rb:135:in `call_app'
web-console (3.7.0) lib/web_console/middleware.rb:30:in `block in call'
web-console (3.7.0) lib/web_console/middleware.rb:20:in `catch'
web-console (3.7.0) lib/web_console/middleware.rb:20:in `call'
actionpack (5.0.7.2) lib/action_dispatch/middleware/show_exceptions.rb:31:in `call'
railties (5.0.7.2) lib/rails/rack/logger.rb:36:in `call_app'
railties (5.0.7.2) lib/rails/rack/logger.rb:24:in `block in call'
activesupport (5.0.7.2) lib/active_support/tagged_logging.rb:69:in `block in tagged'
activesupport (5.0.7.2) lib/active_support/tagged_logging.rb:26:in `tagged'
activesupport (5.0.7.2) lib/active_support/tagged_logging.rb:69:in `tagged'
railties (5.0.7.2) lib/rails/rack/logger.rb:24:in `call'
sprockets-rails (3.2.1) lib/sprockets/rails/quiet_assets.rb:13:in `call'
actionpack (5.0.7.2) lib/action_dispatch/middleware/request_id.rb:24:in `call'
rack (2.0.7) lib/rack/method_override.rb:22:in `call'
rack (2.0.7) lib/rack/runtime.rb:22:in `call'
activesupport (5.0.7.2) lib/active_support/cache/strategy/local_cache_middleware.rb:28:in `call'
actionpack (5.0.7.2) lib/action_dispatch/middleware/executor.rb:12:in `call'
actionpack (5.0.7.2) lib/action_dispatch/middleware/static.rb:136:in `call'
rack (2.0.7) lib/rack/sendfile.rb:111:in `call'
railties (5.0.7.2) lib/rails/engine.rb:522:in `call'
puma (3.12.1) lib/puma/configuration.rb:227:in `call'
puma (3.12.1) lib/puma/server.rb:660:in `handle_request'
puma (3.12.1) lib/puma/server.rb:474:in `process_client'
puma (3.12.1) lib/puma/server.rb:334:in `block in run'
puma (3.12.1) lib/puma/thread_pool.rb:135:in `block in spawn_thread'
  Rendering /Users/nayna/.rvm/gems/ruby-2.4.0/gems/actionpack-5.0.7.2/lib/action_dispatch/middleware/templates/rescues/diagnostics.html.erb within rescues/layout
  Rendering /Users/nayna/.rvm/gems/ruby-2.4.0/gems/actionpack-5.0.7.2/lib/action_dispatch/middleware/templates/rescues/_source.html.erb
  Rendered /Users/nayna/.rvm/gems/ruby-2.4.0/gems/actionpack-5.0.7.2/lib/action_dispatch/middleware/templates/rescues/_source.html.erb (4.9ms)
  Rendering /Users/nayna/.rvm/gems/ruby-2.4.0/gems/actionpack-5.0.7.2/lib/action_dispatch/middleware/templates/rescues/_trace.html.erb
  Rendered /Users/nayna/.rvm/gems/ruby-2.4.0/gems/actionpack-5.0.7.2/lib/action_dispatch/middleware/templates/rescues/_trace.html.erb (1.8ms)
  Rendering /Users/nayna/.rvm/gems/ruby-2.4.0/gems/actionpack-5.0.7.2/lib/action_dispatch/middleware/templates/rescues/_request_and_response.html.erb
  Rendered /Users/nayna/.rvm/gems/ruby-2.4.0/gems/actionpack-5.0.7.2/lib/action_dispatch/middleware/templates/rescues/_request_and_response.html.erb (0.7ms)
  Rendered /Users/nayna/.rvm/gems/ruby-2.4.0/gems/actionpack-5.0.7.2/lib/action_dispatch/middleware/templates/rescues/diagnostics.html.erb within rescues/layout (98.3ms)
  [1m[36mActiveRecord::SchemaMigration Load (0.1ms)[0m  [1m[34mSELECT "schema_migrations".* FROM "schema_migrations"[0m
Migrating to CreateProducts (20190901113144)
  [1m[35m (0.1ms)[0m  [1m[36mbegin transaction[0m
  [1m[35m (0.5ms)[0m  [1m[35mCREATE TABLE "products" ("id" INTEGER PRIMARY KEY AUTOINCREMENT NOT NULL, "title" varchar, "description" text, "image_url" varchar, "price" decimal(8,2), "created_at" datetime NOT NULL, "updated_at" datetime NOT NULL)[0m
  [1m[35mSQL (0.2ms)[0m  [1m[32mINSERT INTO "schema_migrations" ("version") VALUES (?)[0m  [["version", "20190901113144"]]
  [1m[35m (1.6ms)[0m  [1m[36mcommit transaction[0m
  [1m[36mActiveRecord::InternalMetadata Load (0.2ms)[0m  [1m[34mSELECT  "ar_internal_metadata".* FROM "ar_internal_metadata" WHERE "ar_internal_metadata"."key" = ? LIMIT ?[0m  [["key", "environment"], ["LIMIT", 1]]
  [1m[35m (0.0ms)[0m  [1m[36mbegin transaction[0m
  [1m[35m (0.1ms)[0m  [1m[36mcommit transaction[0m
  [1m[36mActiveRecord::SchemaMigration Load (0.1ms)[0m  [1m[34mSELECT "schema_migrations".* FROM "schema_migrations"[0m
Started GET "/products" for 127.0.0.1 at 2019-09-02 21:31:51 +0530
  [1m[36mActiveRecord::SchemaMigration Load (0.2ms)[0m  [1m[34mSELECT "schema_migrations".* FROM "schema_migrations"[0m
Processing by ProductsController#index as HTML
  Rendering products/index.html.erb within layouts/application
  [1m[36mProduct Load (0.1ms)[0m  [1m[34mSELECT "products".* FROM "products"[0m
  Rendered products/index.html.erb within layouts/application (7.8ms)
Completed 200 OK in 410ms (Views: 383.8ms | ActiveRecord: 0.4ms)


  [1m[36mActiveRecord::SchemaMigration Load (0.1ms)[0m  [1m[34mSELECT "schema_migrations".* FROM "schema_migrations"[0m
  [1m[35mSQL (1.8ms)[0m  [1m[31mDELETE FROM "products"[0m
  [1m[35m (0.1ms)[0m  [1m[36mbegin transaction[0m
  [1m[35mSQL (0.4ms)[0m  [1m[32mINSERT INTO "products" ("title", "description", "image_url", "price", "created_at", "updated_at") VALUES (?, ?, ?, ?, ?, ?)[0m  [["title", "Rails, Angular, Postgres, and Bootstrap"], ["description", "<p>\n      <em>Powerful, Effective, and Efficient Full-Stack Web Development</em>\n      As a Rails developer, you care about user experience and performance,\n      but you also want simple and maintainable code. Achieve all that by\n      embracing the full stack of web development, from styling with\n      Bootstrap, building an interactive user interface with AngularJS, to\n      storing data quickly and reliably in PostgreSQL. Take a holistic view of\n      full-stack development to create usable, high-performing applications,\n      and learn to use these technologies effectively in a Ruby on Rails\n      environment.\n      </p>"], ["image_url", "dcbang.jpg"], ["price", 45.0], ["created_at", "2019-09-02 16:02:05.572414"], ["updated_at", "2019-09-02 16:02:05.572414"]]
  [1m[35m (1.7ms)[0m  [1m[36mcommit transaction[0m
  [1m[35m (0.1ms)[0m  [1m[36mbegin transaction[0m
  [1m[35mSQL (0.4ms)[0m  [1m[32mINSERT INTO "products" ("title", "description", "image_url", "price", "created_at", "updated_at") VALUES (?, ?, ?, ?, ?, ?)[0m  [["title", "Seven Mobile Apps in Seven Weeks"], ["description", "<p>\n      <em>Native Apps, Multiple Platforms</em>\n      Answer the question “Can we build this for ALL the devices?” with a\n      resounding YES. This book will help you get there with a real-world\n      introduction to seven platforms, whether you’re new to mobile or an\n      experienced developer needing to expand your options. Plus, you’ll find\n      out which cross-platform solution makes the most sense for your needs.\n      </p>"], ["image_url", "7apps.jpg"], ["price", 26.0], ["created_at", "2019-09-02 16:02:05.576541"], ["updated_at", "2019-09-02 16:02:05.576541"]]
  [1m[35m (1.7ms)[0m  [1m[36mcommit transaction[0m
  [1m[35m (0.1ms)[0m  [1m[36mbegin transaction[0m
  [1m[35mSQL (0.5ms)[0m  [1m[32mINSERT INTO "products" ("title", "description", "image_url", "price", "created_at", "updated_at") VALUES (?, ?, ?, ?, ?, ?)[0m  [["title", "Ruby Performance Optimization"], ["description", "<p>\n      <em>Why Ruby Is Slow, and How to Fix It</em>\n      You don’t have to accept slow Ruby or Rails performance. In this\n      comprehensive guide to Ruby optimization, you’ll learn how to write\n      faster Ruby code—but that’s just the beginning. See exactly what makes\n      Ruby and Rails code slow, and how to fix it. Alex Dymo will guide you\n      through perils of memory and CPU optimization, profiling, measuring,\n      performance testing, garbage collection, and tuning. You’ll find that\n      all those “hard” things aren’t so difficult after all, and your code\n      will run orders of magnitude faster.\n      </p>"], ["image_url", "adrpo.jpg"], ["price", 46.0], ["created_at", "2019-09-02 16:02:05.580302"], ["updated_at", "2019-09-02 16:02:05.580302"]]
  [1m[35m (1.7ms)[0m  [1m[36mcommit transaction[0m
Started GET "/products" for 127.0.0.1 at 2019-09-02 21:32:14 +0530
  [1m[36mActiveRecord::SchemaMigration Load (0.2ms)[0m  [1m[34mSELECT "schema_migrations".* FROM "schema_migrations"[0m
Processing by ProductsController#index as HTML
  Rendering products/index.html.erb within layouts/application
  [1m[36mProduct Load (0.2ms)[0m  [1m[34mSELECT "products".* FROM "products"[0m
  Rendered products/index.html.erb within layouts/application (237.8ms)
Completed 200 OK in 303ms (Views: 284.9ms | ActiveRecord: 0.9ms)


Started GET "/products" for ::1 at 2019-09-05 21:13:10 +0530
  [1m[36mActiveRecord::SchemaMigration Load (1.7ms)[0m  [1m[34mSELECT "schema_migrations".* FROM "schema_migrations"[0m
Processing by ProductsController#index as HTML
  Rendering products/index.html.erb within layouts/application
  [1m[36mProduct Load (1.6ms)[0m  [1m[34mSELECT "products".* FROM "products"[0m
  Rendered products/index.html.erb within layouts/application (297.2ms)
Completed 200 OK in 428ms (Views: 403.6ms | ActiveRecord: 2.3ms)


